<?xml version="1.0" encoding="UTF-8"?>
<!-- Generated by org.testng.reporters.JUnitReportReporter -->
<testsuite hostname="DESKTOP-FV4QJBJ" name="TestSuit.ANZ_TC" tests="1" failures="0" timestamp="4 Oct 2021 18:42:31 GMT" time="2.143" errors="0">
  <testcase name="testGroup" time="2.143" classname="TestSuit.ANZ_TC"/>
</testsuite> <!-- TestSuit.ANZ_TC -->
