<?xml version="1.0" encoding="UTF-8"?>
<!-- Generated by org.testng.reporters.JUnitReportReporter -->
<testsuite hostname="DESKTOP-FV4QJBJ" name="Runner.TestRunner" tests="1" failures="0" timestamp="5 Oct 2021 05:03:34 GMT" time="5.981" errors="0">
  <testcase name="invoke" time="5.981" classname="Runner.TestRunner"/>
</testsuite> <!-- Runner.TestRunner -->
